libEGL.so.1 => /lib64/libEGL.so.1 
libFLAC.so.8 => /lib64/libFLAC.so.8 
libGL.so.1 => /lib64/libGL.so.1 
libGLX.so.0 => /lib64/libGLX.so.0 
libGLdispatch.so.0 => /lib64/libGLdispatch.so.0 
libICE.so.6 => /lib64/libICE.so.6 
libQtCore.so.4 => /lib64/libQtCore.so.4 
libQtDBus.so.4 => /lib64/libQtDBus.so.4 
libQtGui.so.4 => /lib64/libQtGui.so.4 
libQtNetwork.so.4 => /lib64/libQtNetwork.so.4 
libQtSvg.so.4 => /lib64/libQtSvg.so.4 
libQtXml.so.4 => /lib64/libQtXml.so.4 
libSM.so.6 => /lib64/libSM.so.6 
libX11-xcb.so.1 => /lib64/libX11-xcb.so.1 
libX11.so.6 => /lib64/libX11.so.6 
libXau.so.6 => /lib64/libXau.so.6 
libXcomposite.so.1 => /lib64/libXcomposite.so.1 
libXcursor.so.1 => /lib64/libXcursor.so.1 
libXdamage.so.1 => /lib64/libXdamage.so.1 
libXdmcp.so.6 => /lib64/libXdmcp.so.6 
libXext.so.6 => /lib64/libXext.so.6 
libXfixes.so.3 => /lib64/libXfixes.so.3 
libXft.so.2 => /lib64/libXft.so.2 
libXi.so.6 => /lib64/libXi.so.6 
libXinerama.so.1 => /lib64/libXinerama.so.1 
libXpm.so.4 => /lib64/libXpm.so.4 
libXrandr.so.2 => /lib64/libXrandr.so.2 
libXrender.so.1 => /lib64/libXrender.so.1 
libXtst.so.6 => /lib64/libXtst.so.6 
libabrt.so.0 => /lib64/libabrt.so.0 
libabrt_gui.so.0 => /lib64/libabrt_gui.so.0 
libacl.so.1 => /lib64/libacl.so.1 
libaddns-samba4.so => /usr/lib64/samba/libaddns-samba4.so 
libaesni-intel-samba4.so => /usr/lib64/samba/libaesni-intel-samba4.so 
libasn1util-samba4.so => /usr/lib64/samba/libasn1util-samba4.so 
libasyncns.so.0 => /lib64/libasyncns.so.0 
libatk-1.0.so.0 => /lib64/libatk-1.0.so.0 
libatk-bridge-2.0.so.0 => /lib64/libatk-bridge-2.0.so.0 
libatspi.so.0 => /lib64/libatspi.so.0 
libattica.so.0.4 => /lib64/libattica.so.0.4 
libattr.so.1 => /lib64/libattr.so.1 
libaudit.so.1 => /lib64/libaudit.so.1 
libaugeas.so.0 => /lib64/libaugeas.so.0 
libauthkrb5-samba4.so => /usr/lib64/samba/libauthkrb5-samba4.so 
libbabl-0.1.so.0 => /lib64/libbabl-0.1.so.0 
libblkid.so.1 => /lib64/libblkid.so.1 
libbz2.so.1 => /lib64/libbz2.so.1 
libc.so.6 => /lib64/libc.so.6 
libcairo-gobject.so.2 => /lib64/libcairo-gobject.so.2 
libcairo.so.2 => /lib64/libcairo.so.2 
libcap-ng.so.0 => /lib64/libcap-ng.so.0 
libcap.so.2 => /lib64/libcap.so.2 
libcdio.so.15 => /lib64/libcdio.so.15 
libcli-cldap-samba4.so => /usr/lib64/samba/libcli-cldap-samba4.so 
libcli-ldap-common-samba4.so => /usr/lib64/samba/libcli-ldap-common-samba4.so 
libcli-ldap-samba4.so => /usr/lib64/samba/libcli-ldap-samba4.so 
libcli-nbt-samba4.so => /usr/lib64/samba/libcli-nbt-samba4.so 
libcli-smb-common-samba4.so => /usr/lib64/samba/libcli-smb-common-samba4.so 
libcliauth-samba4.so => /usr/lib64/samba/libcliauth-samba4.so 
libcmdline-credentials-samba4.so => /usr/lib64/samba/libcmdline-credentials-samba4.so 
libcom_err.so.2 => /lib64/libcom_err.so.2 
libcommon-auth-samba4.so => /usr/lib64/samba/libcommon-auth-samba4.so 
libcrypt.so.1 => /lib64/libcrypt.so.1 
libcrypto.so.10 => /lib64/libcrypto.so.10 
libdb-5.3.so => /lib64/libdb-5.3.so 
libdbus-1.so.3 => /lib64/libdbus-1.so.3 
libdbusmenu-qt.so.2 => /lib64/libdbusmenu-qt.so.2 
libdbwrap-samba4.so => /usr/lib64/samba/libdbwrap-samba4.so 
libdcerpc-binding.so.0 => /lib64/libdcerpc-binding.so.0 
libdcerpc-samba-samba4.so => /usr/lib64/samba/libdcerpc-samba-samba4.so 
libdcerpc.so.0 => /lib64/libdcerpc.so.0 
libdl.so.2 => /lib64/libdl.so.2 
libdw.so.1 => /lib64/libdw.so.1 
libelf.so.1 => /lib64/libelf.so.1 
libepoxy.so.0 => /lib64/libepoxy.so.0 
libevents-samba4.so => /usr/lib64/samba/libevents-samba4.so 
libexpat.so.1 => /lib64/libexpat.so.1 
libfa.so.1 => /lib64/libfa.so.1 
libfam.so.0 => /lib64/libfam.so.0 
libffi.so.6 => /lib64/libffi.so.6 
libflag-mapping-samba4.so => /usr/lib64/samba/libflag-mapping-samba4.so 
libfontconfig.so.1 => /lib64/libfontconfig.so.1 
libfreebl3.so => /lib64/libfreebl3.so 
libfreetype.so.6 => /lib64/libfreetype.so.6 
libfribidi.so.0 => /lib64/libfribidi.so.0 
libgcc_s.so.1 => /lib64/libgcc_s.so.1 
libgcrypt.so.11 => /lib64/libgcrypt.so.11 
libgdk-3.so.0 => /lib64/libgdk-3.so.0 
libgdk_pixbuf-2.0.so.0 => /lib64/libgdk_pixbuf-2.0.so.0 
libgegl-0.2.so.0 => /lib64/libgegl-0.2.so.0 
libgenrand-samba4.so => /usr/lib64/samba/libgenrand-samba4.so 
libgensec-samba4.so => /usr/lib64/samba/libgensec-samba4.so 
libgimpbase-2.0.so.0 => /lib64/libgimpbase-2.0.so.0 
libgimpcolor-2.0.so.0 => /lib64/libgimpcolor-2.0.so.0 
libgimpconfig-2.0.so.0 => /lib64/libgimpconfig-2.0.so.0 
libgimpmath-2.0.so.0 => /lib64/libgimpmath-2.0.so.0 
libgimpmodule-2.0.so.0 => /lib64/libgimpmodule-2.0.so.0 
libgimpthumb-2.0.so.0 => /lib64/libgimpthumb-2.0.so.0 
libgio-2.0.so.0 => /lib64/libgio-2.0.so.0 
libglib-2.0.so.0 => /lib64/libglib-2.0.so.0 
libgmodule-2.0.so.0 => /lib64/libgmodule-2.0.so.0 
libgobject-2.0.so.0 => /lib64/libgobject-2.0.so.0 
libgpg-error.so.0 => /lib64/libgpg-error.so.0 
libgraphite2.so.3 => /lib64/libgraphite2.so.3 
libgsm.so.1 => /lib64/libgsm.so.1 
libgssapi_krb5.so.2 => /lib64/libgssapi_krb5.so.2 
libgthread-2.0.so.0 => /lib64/libgthread-2.0.so.0 
libgtk-3.so.0 => /lib64/libgtk-3.so.0 
libharfbuzz.so.0 => /lib64/libharfbuzz.so.0 
libhttp-samba4.so => /usr/lib64/samba/libhttp-samba4.so 
libinterfaces-samba4.so => /usr/lib64/samba/libinterfaces-samba4.so 
libiov-buf-samba4.so => /usr/lib64/samba/libiov-buf-samba4.so 
libiso9660.so.9 => /lib64/libiso9660.so.9 
libjson-c.so.2 => /lib64/libjson-c.so.2 
libk5crypto.so.3 => /lib64/libk5crypto.so.3 
libkcmutils.so.4 => /lib64/libkcmutils.so.4 
libkdecore.so.5 => /lib64/libkdecore.so.5 
libkdeinit4_kcminit_startup.so => /lib64/libkdeinit4_kcminit_startup.so 
libkdeui.so.5 => /lib64/libkdeui.so.5 
libkeyutils.so.1 => /lib64/libkeyutils.so.1 
libkrb5.so.3 => /lib64/libkrb5.so.3 
libkrb5samba-samba4.so => /usr/lib64/samba/libkrb5samba-samba4.so 
libkrb5support.so.0 => /lib64/libkrb5support.so.0 
libldb.so.1 => /lib64/libldb.so.1 
libldbsamba-samba4.so => /usr/lib64/samba/libldbsamba-samba4.so 
libltdl.so.7 => /lib64/libltdl.so.7 
liblua-5.1.so => /lib64/liblua-5.1.so 
liblz4.so.1 => /lib64/liblz4.so.1 
liblzma.so.5 => /lib64/liblzma.so.5 
libm.so.6 => /lib64/libm.so.6 
libmount.so.1 => /lib64/libmount.so.1 
libndr-krb5pac.so.0 => /lib64/libndr-krb5pac.so.0 
libndr-nbt.so.0 => /lib64/libndr-nbt.so.0 
libndr-samba-samba4.so => /usr/lib64/samba/libndr-samba-samba4.so 
libndr-standard.so.0 => /lib64/libndr-standard.so.0 
libndr.so.0 => /lib64/libndr.so.0 
libnetif-samba4.so => /usr/lib64/samba/libnetif-samba4.so 
libnetpbm.so.11 => /lib64/libnetpbm.so.11 
libnsl.so.1 => /lib64/libnsl.so.1 
libnspr4.so => /lib64/libnspr4.so 
libnss3.so => /lib64/libnss3.so 
libnssutil3.so => /lib64/libnssutil3.so 
libnuma.so.1 => /lib64/libnuma.so.1 
libodbcinst.so.2 => /lib64/libodbcinst.so.2 
libogg.so.0 => /lib64/libogg.so.0 
libpam.so.0 => /lib64/libpam.so.0 
libpam_misc.so.0 => /lib64/libpam_misc.so.0 
libpango-1.0.so.0 => /lib64/libpango-1.0.so.0 
libpangocairo-1.0.so.0 => /lib64/libpangocairo-1.0.so.0 
libpangoft2-1.0.so.0 => /lib64/libpangoft2-1.0.so.0 
libpcre.so.1 => /lib64/libpcre.so.1 
libpixman-1.so.0 => /lib64/libpixman-1.so.0 
libplc4.so => /lib64/libplc4.so 
libplds4.so => /lib64/libplds4.so 
libpng15.so.15 => /lib64/libpng15.so.15 
libpopt.so.0 => /lib64/libpopt.so.0 
libpthread.so.0 => /lib64/libpthread.so.0 
libpulse.so.0 => /lib64/libpulse.so.0 
libpulsecommon-10.0.so => /usr/lib64/pulseaudio/libpulsecommon-10.0.so 
libqca.so.2 => /lib64/libqca.so.2 
libregistry-samba4.so => /usr/lib64/samba/libregistry-samba4.so 
libreplace-samba4.so => /usr/lib64/samba/libreplace-samba4.so 
libreport.so.0 => /lib64/libreport.so.0 
libresolv.so.2 => /lib64/libresolv.so.2 
librpm.so.3 => /lib64/librpm.so.3 
librpmio.so.3 => /lib64/librpmio.so.3 
librt.so.1 => /lib64/librt.so.1 
libsamba-credentials.so.0 => /lib64/libsamba-credentials.so.0 
libsamba-debug-samba4.so => /usr/lib64/samba/libsamba-debug-samba4.so 
libsamba-errors.so.1 => /lib64/libsamba-errors.so.1 
libsamba-hostconfig.so.0 => /lib64/libsamba-hostconfig.so.0 
libsamba-modules-samba4.so => /usr/lib64/samba/libsamba-modules-samba4.so 
libsamba-security-samba4.so => /usr/lib64/samba/libsamba-security-samba4.so 
libsamba-sockets-samba4.so => /usr/lib64/samba/libsamba-sockets-samba4.so 
libsamba-util.so.0 => /lib64/libsamba-util.so.0 
libsamdb-common-samba4.so => /usr/lib64/samba/libsamdb-common-samba4.so 
libsamdb.so.0 => /lib64/libsamdb.so.0 
libsatyr.so.3 => /lib64/libsatyr.so.3 
libselinux.so.1 => /lib64/libselinux.so.1 
libserver-role-samba4.so => /usr/lib64/samba/libserver-role-samba4.so 
libsmb-transport-samba4.so => /usr/lib64/samba/libsmb-transport-samba4.so 
libsmbclient-raw-samba4.so => /usr/lib64/samba/libsmbclient-raw-samba4.so 
libsndfile.so.1 => /lib64/libsndfile.so.1 
libsocket-blocking-samba4.so => /usr/lib64/samba/libsocket-blocking-samba4.so 
libssl.so.10 => /lib64/libssl.so.10 
libstdc++.so.6 => /lib64/libstdc++.so.6 
libsys-rw-samba4.so => /usr/lib64/samba/libsys-rw-samba4.so 
libsystemd-daemon.so.0 => /lib64/libsystemd-daemon.so.0 
libsystemd-journal.so.0 => /lib64/libsystemd-journal.so.0 
libsystemd.so.0 => /lib64/libsystemd.so.0 
libtalloc.so.2 => /lib64/libtalloc.so.2 
libtar.so.1 => /lib64/libtar.so.1 
libtdb-wrap-samba4.so => /usr/lib64/samba/libtdb-wrap-samba4.so 
libtdb.so.1 => /lib64/libtdb.so.1 
libtevent-util.so.0 => /lib64/libtevent-util.so.0 
libtevent.so.0 => /lib64/libtevent.so.0 
libthai.so.0 => /lib64/libthai.so.0 
libtic.so.5 => /lib64/libtic.so.5 
libtime-basic-samba4.so => /usr/lib64/samba/libtime-basic-samba4.so 
libtinfo.so.5 => /lib64/libtinfo.so.5 
libutil-reg-samba4.so => /usr/lib64/samba/libutil-reg-samba4.so 
libutil-tdb-samba4.so => /usr/lib64/samba/libutil-tdb-samba4.so 
libuuid.so.1 => /lib64/libuuid.so.1 
libvorbis.so.0 => /lib64/libvorbis.so.0 
libvorbisenc.so.2 => /lib64/libvorbisenc.so.2 
libwayland-client.so.0 => /lib64/libwayland-client.so.0 
libwayland-cursor.so.0 => /lib64/libwayland-cursor.so.0 
libwayland-egl.so.1 => /lib64/libwayland-egl.so.1 
libwbclient.so.0 => /lib64/libwbclient.so.0 
libwinbind-client-samba4.so => /usr/lib64/samba/libwinbind-client-samba4.so 
libwrap.so.0 => /lib64/libwrap.so.0 
libxcb-render.so.0 => /lib64/libxcb-render.so.0 
libxcb-shm.so.0 => /lib64/libxcb-shm.so.0 
libxcb.so.1 => /lib64/libxcb.so.1 
libxkbcommon.so.0 => /lib64/libxkbcommon.so.0 
libxml2.so.2 => /lib64/libxml2.so.2 
libz.so.1 => /lib64/libz.so.1 
linux-vdso.so.1 =>  
