/usr/bin/abrt-action-analyze-xorg:
	linux-vdso.so.1 =>  (0x00007ffe179f2000)
	libabrt.so.0 => /lib64/libabrt.so.0 (0x00007ff954760000)
	libgio-2.0.so.0 => /lib64/libgio-2.0.so.0 (0x00007ff9543c1000)
	libgobject-2.0.so.0 => /lib64/libgobject-2.0.so.0 (0x00007ff954171000)
	libreport.so.0 => /lib64/libreport.so.0 (0x00007ff953f45000)
	libglib-2.0.so.0 => /lib64/libglib-2.0.so.0 (0x00007ff953c2f000)
	libsatyr.so.3 => /lib64/libsatyr.so.3 (0x00007ff9537cd000)
	libc.so.6 => /lib64/libc.so.6 (0x00007ff953400000)
	libffi.so.6 => /lib64/libffi.so.6 (0x00007ff9531f8000)
	libgmodule-2.0.so.0 => /lib64/libgmodule-2.0.so.0 (0x00007ff952ff4000)
	libdl.so.2 => /lib64/libdl.so.2 (0x00007ff952df0000)
	libpcre.so.1 => /lib64/libpcre.so.1 (0x00007ff952b8e000)
	libpthread.so.0 => /lib64/libpthread.so.0 (0x00007ff952972000)
	libz.so.1 => /lib64/libz.so.1 (0x00007ff95275c000)
	libselinux.so.1 => /lib64/libselinux.so.1 (0x00007ff952535000)
	libresolv.so.2 => /lib64/libresolv.so.2 (0x00007ff95231c000)
	libmount.so.1 => /lib64/libmount.so.1 (0x00007ff9520d9000)
	libgcc_s.so.1 => /lib64/libgcc_s.so.1 (0x00007ff951ec3000)
	libtar.so.1 => /lib64/libtar.so.1 (0x00007ff951cb7000)
	libjson-c.so.2 => /lib64/libjson-c.so.2 (0x00007ff951aac000)
	libsystemd.so.0 => /lib64/libsystemd.so.0 (0x00007ff95187b000)
	libaugeas.so.0 => /lib64/libaugeas.so.0 (0x00007ff95162e000)
	libstdc++.so.6 => /lib64/libstdc++.so.6 (0x00007ff951327000)
	librpm.so.3 => /lib64/librpm.so.3 (0x00007ff9510bf000)
	libdw.so.1 => /lib64/libdw.so.1 (0x00007ff950e70000)
	libelf.so.1 => /lib64/libelf.so.1 (0x00007ff950c58000)
	/lib64/ld-linux-x86-64.so.2 (0x00007ff954b71000)
	libblkid.so.1 => /lib64/libblkid.so.1 (0x00007ff950a18000)
	libuuid.so.1 => /lib64/libuuid.so.1 (0x00007ff950813000)
	libcap.so.2 => /lib64/libcap.so.2 (0x00007ff95060e000)
	libm.so.6 => /lib64/libm.so.6 (0x00007ff95030c000)
	librt.so.1 => /lib64/librt.so.1 (0x00007ff950104000)
	liblzma.so.5 => /lib64/liblzma.so.5 (0x00007ff94fede000)
	liblz4.so.1 => /lib64/liblz4.so.1 (0x00007ff94fcc9000)
	libgcrypt.so.11 => /lib64/libgcrypt.so.11 (0x00007ff94fa48000)
	libgpg-error.so.0 => /lib64/libgpg-error.so.0 (0x00007ff94f843000)
	libfa.so.1 => /lib64/libfa.so.1 (0x00007ff94f630000)
	libxml2.so.2 => /lib64/libxml2.so.2 (0x00007ff94f2c6000)
	librpmio.so.3 => /lib64/librpmio.so.3 (0x00007ff94f099000)
	libnss3.so => /lib64/libnss3.so (0x00007ff94ed6c000)
	libbz2.so.1 => /lib64/libbz2.so.1 (0x00007ff94eb5c000)
	libpopt.so.0 => /lib64/libpopt.so.0 (0x00007ff94e952000)
	libacl.so.1 => /lib64/libacl.so.1 (0x00007ff94e749000)
	liblua-5.1.so => /lib64/liblua-5.1.so (0x00007ff94e51b000)
	libdb-5.3.so => /lib64/libdb-5.3.so (0x00007ff94e15d000)
	libaudit.so.1 => /lib64/libaudit.so.1 (0x00007ff94df34000)
	libattr.so.1 => /lib64/libattr.so.1 (0x00007ff94dd2f000)
	libnssutil3.so => /lib64/libnssutil3.so (0x00007ff94db00000)
	libplc4.so => /lib64/libplc4.so (0x00007ff94d8fb000)
	libplds4.so => /lib64/libplds4.so (0x00007ff94d6f7000)
	libnspr4.so => /lib64/libnspr4.so (0x00007ff94d4b9000)
	libcap-ng.so.0 => /lib64/libcap-ng.so.0 (0x00007ff94d2b3000)
/usr/bin/atq:
	linux-vdso.so.1 =>  (0x00007fffe436f000)
	librt.so.1 => /lib64/librt.so.1 (0x00007fdbf33a7000)
	libselinux.so.1 => /lib64/libselinux.so.1 (0x00007fdbf3180000)
	libpam.so.0 => /lib64/libpam.so.0 (0x00007fdbf2f71000)
	libpam_misc.so.0 => /lib64/libpam_misc.so.0 (0x00007fdbf2d6d000)
	libc.so.6 => /lib64/libc.so.6 (0x00007fdbf29a0000)
	libpthread.so.0 => /lib64/libpthread.so.0 (0x00007fdbf2784000)
	libpcre.so.1 => /lib64/libpcre.so.1 (0x00007fdbf2522000)
	libdl.so.2 => /lib64/libdl.so.2 (0x00007fdbf231e000)
	/lib64/ld-linux-x86-64.so.2 (0x00007fdbf37bc000)
	libaudit.so.1 => /lib64/libaudit.so.1 (0x00007fdbf20f5000)
	libcap-ng.so.0 => /lib64/libcap-ng.so.0 (0x00007fdbf1eef000)
/usr/bin/cd-info:
	linux-vdso.so.1 =>  (0x00007ffdd9dc5000)
	libiso9660.so.9 => /lib64/libiso9660.so.9 (0x00007f770a150000)
	libcdio.so.15 => /lib64/libcdio.so.15 (0x00007f7709f27000)
	libm.so.6 => /lib64/libm.so.6 (0x00007f7709c25000)
	libc.so.6 => /lib64/libc.so.6 (0x00007f7709858000)
	/lib64/ld-linux-x86-64.so.2 (0x00007f770a35d000)
/usr/local/cs/bin/cpp:
	linux-vdso.so.1 =>  (0x00007fff117d6000)
	libm.so.6 => /lib64/libm.so.6 (0x00007f485fe1f000)
	libc.so.6 => /lib64/libc.so.6 (0x00007f485fa52000)
	/lib64/ld-linux-x86-64.so.2 (0x00007f4860121000)
/usr/bin/dbiproxy:
	not a dynamic executable
/usr/bin/ecpg:
	linux-vdso.so.1 =>  (0x00007ffe12dd3000)
	libpthread.so.0 => /lib64/libpthread.so.0 (0x00007fca2a3fd000)
	libc.so.6 => /lib64/libc.so.6 (0x00007fca2a030000)
	/lib64/ld-linux-x86-64.so.2 (0x00007fca2a619000)
/usr/bin/flipdiff:
	linux-vdso.so.1 =>  (0x00007ffde75e3000)
	libc.so.6 => /lib64/libc.so.6 (0x00007f73b856c000)
	/lib64/ld-linux-x86-64.so.2 (0x00007f73b8939000)
/usr/bin/gimp-console:
	linux-vdso.so.1 =>  (0x00007fff58334000)
	libgimpconfig-2.0.so.0 => /lib64/libgimpconfig-2.0.so.0 (0x00007f4ebf493000)
	libgimpmath-2.0.so.0 => /lib64/libgimpmath-2.0.so.0 (0x00007f4ebf28d000)
	libgimpthumb-2.0.so.0 => /lib64/libgimpthumb-2.0.so.0 (0x00007f4ebf083000)
	libgimpcolor-2.0.so.0 => /lib64/libgimpcolor-2.0.so.0 (0x00007f4ebee75000)
	libgimpmodule-2.0.so.0 => /lib64/libgimpmodule-2.0.so.0 (0x00007f4ebec70000)
	libgimpbase-2.0.so.0 => /lib64/libgimpbase-2.0.so.0 (0x00007f4ebea56000)
	libgdk_pixbuf-2.0.so.0 => /lib64/libgdk_pixbuf-2.0.so.0 (0x00007f4ebe82e000)
	libpangocairo-1.0.so.0 => /lib64/libpangocairo-1.0.so.0 (0x00007f4ebe620000)
	libpangoft2-1.0.so.0 => /lib64/libpangoft2-1.0.so.0 (0x00007f4ebe40a000)
	libpango-1.0.so.0 => /lib64/libpango-1.0.so.0 (0x00007f4ebe1c4000)
	libfontconfig.so.1 => /lib64/libfontconfig.so.1 (0x00007f4ebdf82000)
	libfreetype.so.6 => /lib64/libfreetype.so.6 (0x00007f4ebdcc3000)
	libcairo.so.2 => /lib64/libcairo.so.2 (0x00007f4ebd98c000)
	libgegl-0.2.so.0 => /lib64/libgegl-0.2.so.0 (0x00007f4ebd71d000)
	libgmodule-2.0.so.0 => /lib64/libgmodule-2.0.so.0 (0x00007f4ebd519000)
	libgio-2.0.so.0 => /lib64/libgio-2.0.so.0 (0x00007f4ebd17a000)
	libbabl-0.1.so.0 => /lib64/libbabl-0.1.so.0 (0x00007f4ebcf3c000)
	libgobject-2.0.so.0 => /lib64/libgobject-2.0.so.0 (0x00007f4ebccec000)
	libgthread-2.0.so.0 => /lib64/libgthread-2.0.so.0 (0x00007f4ebcaea000)
	libglib-2.0.so.0 => /lib64/libglib-2.0.so.0 (0x00007f4ebc7d4000)
	libm.so.6 => /lib64/libm.so.6 (0x00007f4ebc4d2000)
	libpthread.so.0 => /lib64/libpthread.so.0 (0x00007f4ebc2b6000)
	libc.so.6 => /lib64/libc.so.6 (0x00007f4ebbee9000)
	libpng15.so.15 => /lib64/libpng15.so.15 (0x00007f4ebbcbe000)
	libharfbuzz.so.0 => /lib64/libharfbuzz.so.0 (0x00007f4ebba21000)
	libthai.so.0 => /lib64/libthai.so.0 (0x00007f4ebb815000)
	libfribidi.so.0 => /lib64/libfribidi.so.0 (0x00007f4ebb5f9000)
	libexpat.so.1 => /lib64/libexpat.so.1 (0x00007f4ebb3cf000)
	libuuid.so.1 => /lib64/libuuid.so.1 (0x00007f4ebb1ca000)
	libz.so.1 => /lib64/libz.so.1 (0x00007f4ebafb4000)
	libbz2.so.1 => /lib64/libbz2.so.1 (0x00007f4ebada4000)
	libpixman-1.so.0 => /lib64/libpixman-1.so.0 (0x00007f4ebaafb000)
	libEGL.so.1 => /lib64/libEGL.so.1 (0x00007f4eba8e7000)
	libdl.so.2 => /lib64/libdl.so.2 (0x00007f4eba6e3000)
	libxcb-shm.so.0 => /lib64/libxcb-shm.so.0 (0x00007f4eba4df000)
	libxcb.so.1 => /lib64/libxcb.so.1 (0x00007f4eba2b7000)
	libxcb-render.so.0 => /lib64/libxcb-render.so.0 (0x00007f4eba0a9000)
	libXrender.so.1 => /lib64/libXrender.so.1 (0x00007f4eb9e9e000)
	libX11.so.6 => /lib64/libX11.so.6 (0x00007f4eb9b60000)
	libXext.so.6 => /lib64/libXext.so.6 (0x00007f4eb994e000)
	libGL.so.1 => /lib64/libGL.so.1 (0x00007f4eb96c2000)
	librt.so.1 => /lib64/librt.so.1 (0x00007f4eb94ba000)
	libgcc_s.so.1 => /lib64/libgcc_s.so.1 (0x00007f4eb92a4000)
	libpcre.so.1 => /lib64/libpcre.so.1 (0x00007f4eb9042000)
	libffi.so.6 => /lib64/libffi.so.6 (0x00007f4eb8e3a000)
	libselinux.so.1 => /lib64/libselinux.so.1 (0x00007f4eb8c13000)
	libresolv.so.2 => /lib64/libresolv.so.2 (0x00007f4eb89fa000)
	libmount.so.1 => /lib64/libmount.so.1 (0x00007f4eb87b7000)
	/lib64/ld-linux-x86-64.so.2 (0x00007f4ebfbec000)
	libgraphite2.so.3 => /lib64/libgraphite2.so.3 (0x00007f4eb8589000)
	libGLdispatch.so.0 => /lib64/libGLdispatch.so.0 (0x00007f4eb82d3000)
	libXau.so.6 => /lib64/libXau.so.6 (0x00007f4eb80cf000)
	libGLX.so.0 => /lib64/libGLX.so.0 (0x00007f4eb7e9d000)
	libblkid.so.1 => /lib64/libblkid.so.1 (0x00007f4eb7c5d000)
/usr/bin/gsbj:
	not a dynamic executable
/usr/bin/hg-ssh:
	not a dynamic executable
/usr/bin/install-printerdriver:
	not a dynamic executable
/usr/bin/kcminit_startup:
	linux-vdso.so.1 =>  (0x00007fffdb9de000)
	libkdeinit4_kcminit_startup.so => /lib64/libkdeinit4_kcminit_startup.so (0x00007fd897005000)
	libkcmutils.so.4 => /lib64/libkcmutils.so.4 (0x00007fd896dc5000)
	libkdeui.so.5 => /lib64/libkdeui.so.5 (0x00007fd89675a000)
	libkdecore.so.5 => /lib64/libkdecore.so.5 (0x00007fd896287000)
	libQtDBus.so.4 => /lib64/libQtDBus.so.4 (0x00007fd896009000)
	libQtCore.so.4 => /lib64/libQtCore.so.4 (0x00007fd895b1b000)
	libpthread.so.0 => /lib64/libpthread.so.0 (0x00007fd8958ff000)
	libQtGui.so.4 => /lib64/libQtGui.so.4 (0x00007fd894c1a000)
	libQtSvg.so.4 => /lib64/libQtSvg.so.4 (0x00007fd8949c2000)
	libSM.so.6 => /lib64/libSM.so.6 (0x00007fd8947ba000)
	libICE.so.6 => /lib64/libICE.so.6 (0x00007fd89459e000)
	libX11.so.6 => /lib64/libX11.so.6 (0x00007fd894260000)
	libXext.so.6 => /lib64/libXext.so.6 (0x00007fd89404e000)
	libXft.so.2 => /lib64/libXft.so.2 (0x00007fd893e38000)
	libXau.so.6 => /lib64/libXau.so.6 (0x00007fd893c34000)
	libXdmcp.so.6 => /lib64/libXdmcp.so.6 (0x00007fd893a2e000)
	libXpm.so.4 => /lib64/libXpm.so.4 (0x00007fd89381c000)
	libstdc++.so.6 => /lib64/libstdc++.so.6 (0x00007fd893515000)
	libm.so.6 => /lib64/libm.so.6 (0x00007fd893213000)
	libgcc_s.so.1 => /lib64/libgcc_s.so.1 (0x00007fd892ffd000)
	libc.so.6 => /lib64/libc.so.6 (0x00007fd892c30000)
	libQtXml.so.4 => /lib64/libQtXml.so.4 (0x00007fd8929eb000)
	libqca.so.2 => /lib64/libqca.so.2 (0x00007fd8926d3000)
	libattica.so.0.4 => /lib64/libattica.so.0.4 (0x00007fd8923d9000)
	libQtNetwork.so.4 => /lib64/libQtNetwork.so.4 (0x00007fd892092000)
	libdbusmenu-qt.so.2 => /lib64/libdbusmenu-qt.so.2 (0x00007fd891e61000)
	libXtst.so.6 => /lib64/libXtst.so.6 (0x00007fd891c5b000)
	libXcursor.so.1 => /lib64/libXcursor.so.1 (0x00007fd891a50000)
	libXfixes.so.3 => /lib64/libXfixes.so.3 (0x00007fd89184a000)
	libXrender.so.1 => /lib64/libXrender.so.1 (0x00007fd89163f000)
	libz.so.1 => /lib64/libz.so.1 (0x00007fd891429000)
	libbz2.so.1 => /lib64/libbz2.so.1 (0x00007fd891219000)
	liblzma.so.5 => /lib64/liblzma.so.5 (0x00007fd890ff3000)
	libresolv.so.2 => /lib64/libresolv.so.2 (0x00007fd890dda000)
	libfam.so.0 => /lib64/libfam.so.0 (0x00007fd890bd2000)
	libdbus-1.so.3 => /lib64/libdbus-1.so.3 (0x00007fd890982000)
	libdl.so.2 => /lib64/libdl.so.2 (0x00007fd89077e000)
	libgthread-2.0.so.0 => /lib64/libgthread-2.0.so.0 (0x00007fd89057c000)
	libglib-2.0.so.0 => /lib64/libglib-2.0.so.0 (0x00007fd890266000)
	librt.so.1 => /lib64/librt.so.1 (0x00007fd89005e000)
	/lib64/ld-linux-x86-64.so.2 (0x00007fd89720d000)
	libpng15.so.15 => /lib64/libpng15.so.15 (0x00007fd88fe33000)
	libfreetype.so.6 => /lib64/libfreetype.so.6 (0x00007fd88fb74000)
	libgobject-2.0.so.0 => /lib64/libgobject-2.0.so.0 (0x00007fd88f924000)
	libXi.so.6 => /lib64/libXi.so.6 (0x00007fd88f714000)
	libXrandr.so.2 => /lib64/libXrandr.so.2 (0x00007fd88f509000)
	libXinerama.so.1 => /lib64/libXinerama.so.1 (0x00007fd88f306000)
	libfontconfig.so.1 => /lib64/libfontconfig.so.1 (0x00007fd88f0c4000)
	libuuid.so.1 => /lib64/libuuid.so.1 (0x00007fd88eebf000)
	libxcb.so.1 => /lib64/libxcb.so.1 (0x00007fd88ec97000)
	libssl.so.10 => /lib64/libssl.so.10 (0x00007fd88ea25000)
	libcrypto.so.10 => /lib64/libcrypto.so.10 (0x00007fd88e5c4000)
	libsystemd.so.0 => /lib64/libsystemd.so.0 (0x00007fd88e393000)
	libpcre.so.1 => /lib64/libpcre.so.1 (0x00007fd88e131000)
	libffi.so.6 => /lib64/libffi.so.6 (0x00007fd88df29000)
	libexpat.so.1 => /lib64/libexpat.so.1 (0x00007fd88dcff000)
	libgssapi_krb5.so.2 => /lib64/libgssapi_krb5.so.2 (0x00007fd88dab2000)
	libkrb5.so.3 => /lib64/libkrb5.so.3 (0x00007fd88d7c9000)
	libcom_err.so.2 => /lib64/libcom_err.so.2 (0x00007fd88d5c5000)
	libk5crypto.so.3 => /lib64/libk5crypto.so.3 (0x00007fd88d3aa000)
	libcap.so.2 => /lib64/libcap.so.2 (0x00007fd88d1a5000)
	libselinux.so.1 => /lib64/libselinux.so.1 (0x00007fd88cf7e000)
	liblz4.so.1 => /lib64/liblz4.so.1 (0x00007fd88cd69000)
	libgcrypt.so.11 => /lib64/libgcrypt.so.11 (0x00007fd88cae8000)
	libgpg-error.so.0 => /lib64/libgpg-error.so.0 (0x00007fd88c8e3000)
	libdw.so.1 => /lib64/libdw.so.1 (0x00007fd88c694000)
	libkrb5support.so.0 => /lib64/libkrb5support.so.0 (0x00007fd88c485000)
	libkeyutils.so.1 => /lib64/libkeyutils.so.1 (0x00007fd88c281000)
	libattr.so.1 => /lib64/libattr.so.1 (0x00007fd88c07c000)
	libelf.so.1 => /lib64/libelf.so.1 (0x00007fd88be64000)
/usr/bin/ksplashx_scale:
	linux-vdso.so.1 =>  (0x00007fffc9f82000)
	libkdecore.so.5 => /lib64/libkdecore.so.5 (0x00007f8a9d8bf000)
	libQtGui.so.4 => /lib64/libQtGui.so.4 (0x00007f8a9cbda000)
	libQtDBus.so.4 => /lib64/libQtDBus.so.4 (0x00007f8a9c95c000)
	libQtCore.so.4 => /lib64/libQtCore.so.4 (0x00007f8a9c46e000)
	libpthread.so.0 => /lib64/libpthread.so.0 (0x00007f8a9c252000)
	libstdc++.so.6 => /lib64/libstdc++.so.6 (0x00007f8a9bf4b000)
	libm.so.6 => /lib64/libm.so.6 (0x00007f8a9bc49000)
	libgcc_s.so.1 => /lib64/libgcc_s.so.1 (0x00007f8a9ba33000)
	libc.so.6 => /lib64/libc.so.6 (0x00007f8a9b666000)
	libQtNetwork.so.4 => /lib64/libQtNetwork.so.4 (0x00007f8a9b31f000)
	libQtXml.so.4 => /lib64/libQtXml.so.4 (0x00007f8a9b0da000)
	libz.so.1 => /lib64/libz.so.1 (0x00007f8a9aec4000)
	libbz2.so.1 => /lib64/libbz2.so.1 (0x00007f8a9acb4000)
	liblzma.so.5 => /lib64/liblzma.so.5 (0x00007f8a9aa8e000)
	libresolv.so.2 => /lib64/libresolv.so.2 (0x00007f8a9a875000)
	libfam.so.0 => /lib64/libfam.so.0 (0x00007f8a9a66d000)
	libgthread-2.0.so.0 => /lib64/libgthread-2.0.so.0 (0x00007f8a9a46b000)
	libglib-2.0.so.0 => /lib64/libglib-2.0.so.0 (0x00007f8a9a155000)
	libpng15.so.15 => /lib64/libpng15.so.15 (0x00007f8a99f2a000)
	libfreetype.so.6 => /lib64/libfreetype.so.6 (0x00007f8a99c6b000)
	libgobject-2.0.so.0 => /lib64/libgobject-2.0.so.0 (0x00007f8a99a1b000)
	libSM.so.6 => /lib64/libSM.so.6 (0x00007f8a99813000)
	libICE.so.6 => /lib64/libICE.so.6 (0x00007f8a995f7000)
	libXi.so.6 => /lib64/libXi.so.6 (0x00007f8a993e7000)
	libXrender.so.1 => /lib64/libXrender.so.1 (0x00007f8a991dc000)
	libXrandr.so.2 => /lib64/libXrandr.so.2 (0x00007f8a98fd1000)
	libXfixes.so.3 => /lib64/libXfixes.so.3 (0x00007f8a98dcb000)
	libXcursor.so.1 => /lib64/libXcursor.so.1 (0x00007f8a98bc0000)
	libXinerama.so.1 => /lib64/libXinerama.so.1 (0x00007f8a989bd000)
	libfontconfig.so.1 => /lib64/libfontconfig.so.1 (0x00007f8a9877b000)
	libXext.so.6 => /lib64/libXext.so.6 (0x00007f8a98569000)
	libX11.so.6 => /lib64/libX11.so.6 (0x00007f8a9822b000)
	libdbus-1.so.3 => /lib64/libdbus-1.so.3 (0x00007f8a97fdb000)
	libdl.so.2 => /lib64/libdl.so.2 (0x00007f8a97dd7000)
	librt.so.1 => /lib64/librt.so.1 (0x00007f8a97bcf000)
	/lib64/ld-linux-x86-64.so.2 (0x00007f8a9dd92000)
	libssl.so.10 => /lib64/libssl.so.10 (0x00007f8a9795d000)
	libcrypto.so.10 => /lib64/libcrypto.so.10 (0x00007f8a974fc000)
	libpcre.so.1 => /lib64/libpcre.so.1 (0x00007f8a9729a000)
	libffi.so.6 => /lib64/libffi.so.6 (0x00007f8a97092000)
	libuuid.so.1 => /lib64/libuuid.so.1 (0x00007f8a96e8d000)
	libexpat.so.1 => /lib64/libexpat.so.1 (0x00007f8a96c63000)
	libxcb.so.1 => /lib64/libxcb.so.1 (0x00007f8a96a3b000)
	libsystemd.so.0 => /lib64/libsystemd.so.0 (0x00007f8a9680a000)
	libgssapi_krb5.so.2 => /lib64/libgssapi_krb5.so.2 (0x00007f8a965bd000)
	libkrb5.so.3 => /lib64/libkrb5.so.3 (0x00007f8a962d4000)
	libcom_err.so.2 => /lib64/libcom_err.so.2 (0x00007f8a960d0000)
	libk5crypto.so.3 => /lib64/libk5crypto.so.3 (0x00007f8a95eb5000)
	libXau.so.6 => /lib64/libXau.so.6 (0x00007f8a95cb1000)
	libcap.so.2 => /lib64/libcap.so.2 (0x00007f8a95aac000)
	libselinux.so.1 => /lib64/libselinux.so.1 (0x00007f8a95885000)
	liblz4.so.1 => /lib64/liblz4.so.1 (0x00007f8a95670000)
	libgcrypt.so.11 => /lib64/libgcrypt.so.11 (0x00007f8a953ef000)
	libgpg-error.so.0 => /lib64/libgpg-error.so.0 (0x00007f8a951ea000)
	libdw.so.1 => /lib64/libdw.so.1 (0x00007f8a94f9b000)
	libkrb5support.so.0 => /lib64/libkrb5support.so.0 (0x00007f8a94d8c000)
	libkeyutils.so.1 => /lib64/libkeyutils.so.1 (0x00007f8a94b88000)
	libattr.so.1 => /lib64/libattr.so.1 (0x00007f8a94983000)
	libelf.so.1 => /lib64/libelf.so.1 (0x00007f8a9476b000)
/usr/bin/locate:
/usr/bin/migratepages:
	linux-vdso.so.1 =>  (0x00007ffefe961000)
	libnuma.so.1 => /lib64/libnuma.so.1 (0x00007fd21f898000)
	libc.so.6 => /lib64/libc.so.6 (0x00007fd21f4cb000)
	libgcc_s.so.1 => /lib64/libgcc_s.so.1 (0x00007fd21f2b5000)
	/lib64/ld-linux-x86-64.so.2 (0x00007fd21faa4000)
/usr/bin/net-snmp-config-x86_64:
	not a dynamic executable
/usr/bin/odbcinst:
	linux-vdso.so.1 =>  (0x00007fff056c4000)
	libodbcinst.so.2 => /lib64/libodbcinst.so.2 (0x00007fdddee3d000)
	libltdl.so.7 => /lib64/libltdl.so.7 (0x00007fdddec33000)
	libdl.so.2 => /lib64/libdl.so.2 (0x00007fdddea2f000)
	libpthread.so.0 => /lib64/libpthread.so.0 (0x00007fddde813000)
	libc.so.6 => /lib64/libc.so.6 (0x00007fddde446000)
	/lib64/ld-linux-x86-64.so.2 (0x00007fdddf04f000)
/usr/bin/pamon:
	linux-vdso.so.1 =>  (0x00007ffc949f0000)
	libpulse.so.0 => /lib64/libpulse.so.0 (0x00007fe1eeb9c000)
	libpulsecommon-10.0.so => /usr/lib64/pulseaudio/libpulsecommon-10.0.so (0x00007fe1ee91c000)
	libsndfile.so.1 => /lib64/libsndfile.so.1 (0x00007fe1ee6bd000)
	libcap.so.2 => /lib64/libcap.so.2 (0x00007fe1ee4b8000)
	libpthread.so.0 => /lib64/libpthread.so.0 (0x00007fe1ee29c000)
	librt.so.1 => /lib64/librt.so.1 (0x00007fe1ee094000)
	libdl.so.2 => /lib64/libdl.so.2 (0x00007fe1ede90000)
	libm.so.6 => /lib64/libm.so.6 (0x00007fe1edb8e000)
	libc.so.6 => /lib64/libc.so.6 (0x00007fe1ed7c1000)
	libdbus-1.so.3 => /lib64/libdbus-1.so.3 (0x00007fe1ed571000)
	libX11-xcb.so.1 => /lib64/libX11-xcb.so.1 (0x00007fe1ed36f000)
	libX11.so.6 => /lib64/libX11.so.6 (0x00007fe1ed031000)
	libxcb.so.1 => /lib64/libxcb.so.1 (0x00007fe1ece09000)
	libICE.so.6 => /lib64/libICE.so.6 (0x00007fe1ecbed000)
	libSM.so.6 => /lib64/libSM.so.6 (0x00007fe1ec9e5000)
	libXtst.so.6 => /lib64/libXtst.so.6 (0x00007fe1ec7df000)
	libsystemd.so.0 => /lib64/libsystemd.so.0 (0x00007fe1ec5ae000)
	libwrap.so.0 => /lib64/libwrap.so.0 (0x00007fe1ec3a3000)
	libasyncns.so.0 => /lib64/libasyncns.so.0 (0x00007fe1ec19d000)
	libgsm.so.1 => /lib64/libgsm.so.1 (0x00007fe1ebf91000)
	libFLAC.so.8 => /lib64/libFLAC.so.8 (0x00007fe1ebd4c000)
	libvorbisenc.so.2 => /lib64/libvorbisenc.so.2 (0x00007fe1eb87d000)
	libvorbis.so.0 => /lib64/libvorbis.so.0 (0x00007fe1eb650000)
	libogg.so.0 => /lib64/libogg.so.0 (0x00007fe1eb449000)
	libattr.so.1 => /lib64/libattr.so.1 (0x00007fe1eb244000)
	/lib64/ld-linux-x86-64.so.2 (0x00007fe1eeff6000)
	libXau.so.6 => /lib64/libXau.so.6 (0x00007fe1eb040000)
	libuuid.so.1 => /lib64/libuuid.so.1 (0x00007fe1eae3b000)
	libXext.so.6 => /lib64/libXext.so.6 (0x00007fe1eac29000)
	libXi.so.6 => /lib64/libXi.so.6 (0x00007fe1eaa19000)
	libselinux.so.1 => /lib64/libselinux.so.1 (0x00007fe1ea7f2000)
	liblzma.so.5 => /lib64/liblzma.so.5 (0x00007fe1ea5cc000)
	liblz4.so.1 => /lib64/liblz4.so.1 (0x00007fe1ea3b7000)
	libgcrypt.so.11 => /lib64/libgcrypt.so.11 (0x00007fe1ea136000)
	libgpg-error.so.0 => /lib64/libgpg-error.so.0 (0x00007fe1e9f31000)
	libresolv.so.2 => /lib64/libresolv.so.2 (0x00007fe1e9d18000)
	libdw.so.1 => /lib64/libdw.so.1 (0x00007fe1e9ac9000)
	libgcc_s.so.1 => /lib64/libgcc_s.so.1 (0x00007fe1e98b3000)
	libnsl.so.1 => /lib64/libnsl.so.1 (0x00007fe1e9699000)
	libpcre.so.1 => /lib64/libpcre.so.1 (0x00007fe1e9437000)
	libelf.so.1 => /lib64/libelf.so.1 (0x00007fe1e921f000)
	libz.so.1 => /lib64/libz.so.1 (0x00007fe1e9009000)
	libbz2.so.1 => /lib64/libbz2.so.1 (0x00007fe1e8df9000)
/usr/bin/pbmtoepsi:
	linux-vdso.so.1 =>  (0x00007fff38364000)
	libnetpbm.so.11 => /lib64/libnetpbm.so.11 (0x00007fbd6051a000)
	libm.so.6 => /lib64/libm.so.6 (0x00007fbd60218000)
	libc.so.6 => /lib64/libc.so.6 (0x00007fbd5fe4b000)
	/lib64/ld-linux-x86-64.so.2 (0x00007fbd6075a000)
/usr/bin/pgmtolispm:
	linux-vdso.so.1 =>  (0x00007ffd415a1000)
	libnetpbm.so.11 => /lib64/libnetpbm.so.11 (0x00007f633a3e0000)
	libm.so.6 => /lib64/libm.so.6 (0x00007f633a0de000)
	libc.so.6 => /lib64/libc.so.6 (0x00007f6339d11000)
	/lib64/ld-linux-x86-64.so.2 (0x00007f633a620000)
/usr/bin/pmsocks:
	not a dynamic executable
/usr/bin/policyeditor.itweb:
	not a dynamic executable
/usr/bin/prove:
	not a dynamic executable
/usr/bin/regpatch:
	linux-vdso.so.1 =>  (0x00007ffe92fc8000)
	libpthread.so.0 => /lib64/libpthread.so.0 (0x00007f4043fe9000)
	libcmdline-credentials-samba4.so => /usr/lib64/samba/libcmdline-credentials-samba4.so (0x00007f4043de7000)
	libsamba-util.so.0 => /lib64/libsamba-util.so.0 (0x00007f4043b6e000)
	libsamba-credentials.so.0 => /lib64/libsamba-credentials.so.0 (0x00007f404395a000)
	libregistry-samba4.so => /usr/lib64/samba/libregistry-samba4.so (0x00007f4043737000)
	libsamba-hostconfig.so.0 => /lib64/libsamba-hostconfig.so.0 (0x00007f404350b000)
	libsamba-debug-samba4.so => /usr/lib64/samba/libsamba-debug-samba4.so (0x00007f4043305000)
	libsamba-errors.so.1 => /lib64/libsamba-errors.so.1 (0x00007f4042fbb000)
	libevents-samba4.so => /usr/lib64/samba/libevents-samba4.so (0x00007f4042db9000)
	libtalloc.so.2 => /lib64/libtalloc.so.2 (0x00007f4042baa000)
	libpopt.so.0 => /lib64/libpopt.so.0 (0x00007f40429a0000)
	libc.so.6 => /lib64/libc.so.6 (0x00007f40425d3000)
	/lib64/ld-linux-x86-64.so.2 (0x00007f404440b000)
	libtime-basic-samba4.so => /usr/lib64/samba/libtime-basic-samba4.so (0x00007f40423d1000)
	libaesni-intel-samba4.so => /usr/lib64/samba/libaesni-intel-samba4.so (0x00007f40421c9000)
	libgenrand-samba4.so => /usr/lib64/samba/libgenrand-samba4.so (0x00007f4041fc7000)
	libreplace-samba4.so => /usr/lib64/samba/libreplace-samba4.so (0x00007f4041dc4000)
	libsocket-blocking-samba4.so => /usr/lib64/samba/libsocket-blocking-samba4.so (0x00007f4041bc2000)
	libsys-rw-samba4.so => /usr/lib64/samba/libsys-rw-samba4.so (0x00007f40419bf000)
	librt.so.1 => /lib64/librt.so.1 (0x00007f40417b7000)
	libsystemd-daemon.so.0 => /lib64/libsystemd-daemon.so.0 (0x00007f40415b0000)
	libtevent.so.0 => /lib64/libtevent.so.0 (0x00007f40413a0000)
	libsamdb-common-samba4.so => /usr/lib64/samba/libsamdb-common-samba4.so (0x00007f4041173000)
	libauthkrb5-samba4.so => /usr/lib64/samba/libauthkrb5-samba4.so (0x00007f4040f65000)
	libdbwrap-samba4.so => /usr/lib64/samba/libdbwrap-samba4.so (0x00007f4040d5a000)
	libcliauth-samba4.so => /usr/lib64/samba/libcliauth-samba4.so (0x00007f4040b46000)
	libndr.so.0 => /lib64/libndr.so.0 (0x00007f404092f000)
	libldbsamba-samba4.so => /usr/lib64/samba/libldbsamba-samba4.so (0x00007f4040702000)
	libutil-tdb-samba4.so => /usr/lib64/samba/libutil-tdb-samba4.so (0x00007f40404fe000)
	libkrb5samba-samba4.so => /usr/lib64/samba/libkrb5samba-samba4.so (0x00007f40402f1000)
	libsamba-security-samba4.so => /usr/lib64/samba/libsamba-security-samba4.so (0x00007f40400d1000)
	libkrb5.so.3 => /lib64/libkrb5.so.3 (0x00007f403fde8000)
	libcom_err.so.2 => /lib64/libcom_err.so.2 (0x00007f403fbe4000)
	libldb.so.1 => /lib64/libldb.so.1 (0x00007f403f9b3000)
	libgssapi_krb5.so.2 => /lib64/libgssapi_krb5.so.2 (0x00007f403f766000)
	libdcerpc.so.0 => /lib64/libdcerpc.so.0 (0x00007f403f533000)
	libutil-reg-samba4.so => /usr/lib64/samba/libutil-reg-samba4.so (0x00007f403f330000)
	libdcerpc-samba-samba4.so => /usr/lib64/samba/libdcerpc-samba-samba4.so (0x00007f403ef8f000)
	libndr-standard.so.0 => /lib64/libndr-standard.so.0 (0x00007f403ea5e000)
	libserver-role-samba4.so => /usr/lib64/samba/libserver-role-samba4.so (0x00007f403e85c000)
	libtdb.so.1 => /lib64/libtdb.so.1 (0x00007f403e645000)
	libsystemd-journal.so.0 => /lib64/libsystemd-journal.so.0 (0x00007f403e420000)
	libcrypt.so.1 => /lib64/libcrypt.so.1 (0x00007f403e1e9000)
	libdl.so.2 => /lib64/libdl.so.2 (0x00007f403dfe5000)
	libiov-buf-samba4.so => /usr/lib64/samba/libiov-buf-samba4.so (0x00007f403dde3000)
	libcap.so.2 => /lib64/libcap.so.2 (0x00007f403dbde000)
	libm.so.6 => /lib64/libm.so.6 (0x00007f403d8dc000)
	libdw.so.1 => /lib64/libdw.so.1 (0x00007f403d68d000)
	libgcc_s.so.1 => /lib64/libgcc_s.so.1 (0x00007f403d477000)
	libflag-mapping-samba4.so => /usr/lib64/samba/libflag-mapping-samba4.so (0x00007f403d275000)
	libcli-ldap-common-samba4.so => /usr/lib64/samba/libcli-ldap-common-samba4.so (0x00007f403d06d000)
	libndr-samba-samba4.so => /usr/lib64/samba/libndr-samba-samba4.so (0x00007f403cd32000)
	libsamba-sockets-samba4.so => /usr/lib64/samba/libsamba-sockets-samba4.so (0x00007f403cb19000)
	libtevent-util.so.0 => /lib64/libtevent-util.so.0 (0x00007f403c916000)
	libndr-krb5pac.so.0 => /lib64/libndr-krb5pac.so.0 (0x00007f403c708000)
	libcommon-auth-samba4.so => /usr/lib64/samba/libcommon-auth-samba4.so (0x00007f403c501000)
	libk5crypto.so.3 => /lib64/libk5crypto.so.3 (0x00007f403c2e6000)
	libtdb-wrap-samba4.so => /usr/lib64/samba/libtdb-wrap-samba4.so (0x00007f403c0e3000)
	libasn1util-samba4.so => /usr/lib64/samba/libasn1util-samba4.so (0x00007f403bedd000)
	libkrb5support.so.0 => /lib64/libkrb5support.so.0 (0x00007f403bcce000)
	libcrypto.so.10 => /lib64/libcrypto.so.10 (0x00007f403b86d000)
	libkeyutils.so.1 => /lib64/libkeyutils.so.1 (0x00007f403b669000)
	libresolv.so.2 => /lib64/libresolv.so.2 (0x00007f403b450000)
	libsmbclient-raw-samba4.so => /usr/lib64/samba/libsmbclient-raw-samba4.so (0x00007f403b218000)
	libndr-nbt.so.0 => /lib64/libndr-nbt.so.0 (0x00007f403b002000)
	libdcerpc-binding.so.0 => /lib64/libdcerpc-binding.so.0 (0x00007f403ade1000)
	libgensec-samba4.so => /usr/lib64/samba/libgensec-samba4.so (0x00007f403abb3000)
	libhttp-samba4.so => /usr/lib64/samba/libhttp-samba4.so (0x00007f403a9ab000)
	libcli-cldap-samba4.so => /usr/lib64/samba/libcli-cldap-samba4.so (0x00007f403a7a3000)
	libcli-smb-common-samba4.so => /usr/lib64/samba/libcli-smb-common-samba4.so (0x00007f403a572000)
	libcli-ldap-samba4.so => /usr/lib64/samba/libcli-ldap-samba4.so (0x00007f403a35f000)
	libselinux.so.1 => /lib64/libselinux.so.1 (0x00007f403a138000)
	liblzma.so.5 => /lib64/liblzma.so.5 (0x00007f4039f12000)
	liblz4.so.1 => /lib64/liblz4.so.1 (0x00007f4039cfd000)
	libgcrypt.so.11 => /lib64/libgcrypt.so.11 (0x00007f4039a7c000)
	libgpg-error.so.0 => /lib64/libgpg-error.so.0 (0x00007f4039877000)
	libfreebl3.so => /lib64/libfreebl3.so (0x00007f4039674000)
	libattr.so.1 => /lib64/libattr.so.1 (0x00007f403946f000)
	libelf.so.1 => /lib64/libelf.so.1 (0x00007f4039257000)
	libz.so.1 => /lib64/libz.so.1 (0x00007f4039041000)
	libbz2.so.1 => /lib64/libbz2.so.1 (0x00007f4038e31000)
	libinterfaces-samba4.so => /usr/lib64/samba/libinterfaces-samba4.so (0x00007f4038c2e000)
	libnsl.so.1 => /lib64/libnsl.so.1 (0x00007f4038a14000)
	libsmb-transport-samba4.so => /usr/lib64/samba/libsmb-transport-samba4.so (0x00007f403880e000)
	libwbclient.so.0 => /lib64/libwbclient.so.0 (0x00007f40385ff000)
	libsamba-modules-samba4.so => /usr/lib64/samba/libsamba-modules-samba4.so (0x00007f40383fc000)
	libsamdb.so.0 => /lib64/libsamdb.so.0 (0x00007f40381e4000)
	libaddns-samba4.so => /usr/lib64/samba/libaddns-samba4.so (0x00007f4037fd9000)
	libcli-nbt-samba4.so => /usr/lib64/samba/libcli-nbt-samba4.so (0x00007f4037dce000)
	libnetif-samba4.so => /usr/lib64/samba/libnetif-samba4.so (0x00007f4037bc9000)
	libpcre.so.1 => /lib64/libpcre.so.1 (0x00007f4037967000)
	libwinbind-client-samba4.so => /usr/lib64/samba/libwinbind-client-samba4.so (0x00007f4037763000)
/usr/bin/rview:
	linux-vdso.so.1 =>  (0x00007ffd599d0000)
	libselinux.so.1 => /lib64/libselinux.so.1 (0x00007fd0b91c3000)
	libtinfo.so.5 => /lib64/libtinfo.so.5 (0x00007fd0b8f99000)
	libacl.so.1 => /lib64/libacl.so.1 (0x00007fd0b8d90000)
	libc.so.6 => /lib64/libc.so.6 (0x00007fd0b89c3000)
	libpcre.so.1 => /lib64/libpcre.so.1 (0x00007fd0b8761000)
	libdl.so.2 => /lib64/libdl.so.2 (0x00007fd0b855d000)
	/lib64/ld-linux-x86-64.so.2 (0x00007fd0b93ea000)
	libattr.so.1 => /lib64/libattr.so.1 (0x00007fd0b8358000)
	libpthread.so.0 => /lib64/libpthread.so.0 (0x00007fd0b813c000)
/usr/bin/simpdftex:
	not a dynamic executable
/usr/bin/system-config-abrt:
	linux-vdso.so.1 =>  (0x00007ffec2716000)
	libabrt.so.0 => /lib64/libabrt.so.0 (0x00007f1763949000)
	libsatyr.so.3 => /lib64/libsatyr.so.3 (0x00007f17634e7000)
	libabrt_gui.so.0 => /lib64/libabrt_gui.so.0 (0x00007f17632e2000)
	libgtk-3.so.0 => /lib64/libgtk-3.so.0 (0x00007f17629da000)
	libgdk-3.so.0 => /lib64/libgdk-3.so.0 (0x00007f17626f0000)
	libatk-1.0.so.0 => /lib64/libatk-1.0.so.0 (0x00007f17624ca000)
	libgio-2.0.so.0 => /lib64/libgio-2.0.so.0 (0x00007f176212b000)
	libpangocairo-1.0.so.0 => /lib64/libpangocairo-1.0.so.0 (0x00007f1761f1d000)
	libgdk_pixbuf-2.0.so.0 => /lib64/libgdk_pixbuf-2.0.so.0 (0x00007f1761cf5000)
	libcairo-gobject.so.2 => /lib64/libcairo-gobject.so.2 (0x00007f1761aec000)
	libpango-1.0.so.0 => /lib64/libpango-1.0.so.0 (0x00007f17618a6000)
	libcairo.so.2 => /lib64/libcairo.so.2 (0x00007f176156f000)
	libgobject-2.0.so.0 => /lib64/libgobject-2.0.so.0 (0x00007f176131f000)
	libreport.so.0 => /lib64/libreport.so.0 (0x00007f17610f3000)
	libglib-2.0.so.0 => /lib64/libglib-2.0.so.0 (0x00007f1760ddd000)
	libc.so.6 => /lib64/libc.so.6 (0x00007f1760a10000)
	libz.so.1 => /lib64/libz.so.1 (0x00007f17607fa000)
	libdl.so.2 => /lib64/libdl.so.2 (0x00007f17605f6000)
	libstdc++.so.6 => /lib64/libstdc++.so.6 (0x00007f17602ef000)
	librpm.so.3 => /lib64/librpm.so.3 (0x00007f1760087000)
	libdw.so.1 => /lib64/libdw.so.1 (0x00007f175fe38000)
	libelf.so.1 => /lib64/libelf.so.1 (0x00007f175fc20000)
	libgmodule-2.0.so.0 => /lib64/libgmodule-2.0.so.0 (0x00007f175fa1c000)
	libX11.so.6 => /lib64/libX11.so.6 (0x00007f175f6de000)
	libXi.so.6 => /lib64/libXi.so.6 (0x00007f175f4ce000)
	libXfixes.so.3 => /lib64/libXfixes.so.3 (0x00007f175f2c8000)
	libatk-bridge-2.0.so.0 => /lib64/libatk-bridge-2.0.so.0 (0x00007f175f099000)
	libwayland-client.so.0 => /lib64/libwayland-client.so.0 (0x00007f175ee8a000)
	libepoxy.so.0 => /lib64/libepoxy.so.0 (0x00007f175eb5e000)
	libpangoft2-1.0.so.0 => /lib64/libpangoft2-1.0.so.0 (0x00007f175e948000)
	libfontconfig.so.1 => /lib64/libfontconfig.so.1 (0x00007f175e706000)
	libm.so.6 => /lib64/libm.so.6 (0x00007f175e404000)
	libpthread.so.0 => /lib64/libpthread.so.0 (0x00007f175e1e8000)
	libXinerama.so.1 => /lib64/libXinerama.so.1 (0x00007f175dfe5000)
	libXrandr.so.2 => /lib64/libXrandr.so.2 (0x00007f175ddda000)
	libXcursor.so.1 => /lib64/libXcursor.so.1 (0x00007f175dbcf000)
	libXcomposite.so.1 => /lib64/libXcomposite.so.1 (0x00007f175d9cc000)
	libXdamage.so.1 => /lib64/libXdamage.so.1 (0x00007f175d7c9000)
	libxkbcommon.so.0 => /lib64/libxkbcommon.so.0 (0x00007f175d589000)
	libwayland-cursor.so.0 => /lib64/libwayland-cursor.so.0 (0x00007f175d381000)
	libwayland-egl.so.1 => /lib64/libwayland-egl.so.1 (0x00007f175d17f000)
	libXext.so.6 => /lib64/libXext.so.6 (0x00007f175cf6d000)
	librt.so.1 => /lib64/librt.so.1 (0x00007f175cd65000)
	libffi.so.6 => /lib64/libffi.so.6 (0x00007f175cb5d000)
	libpcre.so.1 => /lib64/libpcre.so.1 (0x00007f175c8fb000)
	libselinux.so.1 => /lib64/libselinux.so.1 (0x00007f175c6d4000)
	libresolv.so.2 => /lib64/libresolv.so.2 (0x00007f175c4bb000)
	libmount.so.1 => /lib64/libmount.so.1 (0x00007f175c278000)
	libgcc_s.so.1 => /lib64/libgcc_s.so.1 (0x00007f175c062000)
	libfreetype.so.6 => /lib64/libfreetype.so.6 (0x00007f175bda3000)
	libpng15.so.15 => /lib64/libpng15.so.15 (0x00007f175bb78000)
	libpixman-1.so.0 => /lib64/libpixman-1.so.0 (0x00007f175b8cf000)
	libEGL.so.1 => /lib64/libEGL.so.1 (0x00007f175b6bb000)
	libxcb-shm.so.0 => /lib64/libxcb-shm.so.0 (0x00007f175b4b7000)
	libxcb.so.1 => /lib64/libxcb.so.1 (0x00007f175b28f000)
	libxcb-render.so.0 => /lib64/libxcb-render.so.0 (0x00007f175b081000)
	libXrender.so.1 => /lib64/libXrender.so.1 (0x00007f175ae76000)
	libGL.so.1 => /lib64/libGL.so.1 (0x00007f175abea000)
	libthai.so.0 => /lib64/libthai.so.0 (0x00007f175a9de000)
	libfribidi.so.0 => /lib64/libfribidi.so.0 (0x00007f175a7c2000)
	libtar.so.1 => /lib64/libtar.so.1 (0x00007f175a5b6000)
	libjson-c.so.2 => /lib64/libjson-c.so.2 (0x00007f175a3ab000)
	libsystemd.so.0 => /lib64/libsystemd.so.0 (0x00007f175a17a000)
	libaugeas.so.0 => /lib64/libaugeas.so.0 (0x00007f1759f2d000)
	/lib64/ld-linux-x86-64.so.2 (0x00007f1763d5b000)
	librpmio.so.3 => /lib64/librpmio.so.3 (0x00007f1759d00000)
	libnss3.so => /lib64/libnss3.so (0x00007f17599d3000)
	libbz2.so.1 => /lib64/libbz2.so.1 (0x00007f17597c3000)
	liblzma.so.5 => /lib64/liblzma.so.5 (0x00007f175959d000)
	libpopt.so.0 => /lib64/libpopt.so.0 (0x00007f1759393000)
	libcap.so.2 => /lib64/libcap.so.2 (0x00007f175918e000)
	libacl.so.1 => /lib64/libacl.so.1 (0x00007f1758f85000)
	liblua-5.1.so => /lib64/liblua-5.1.so (0x00007f1758d57000)
	libdb-5.3.so => /lib64/libdb-5.3.so (0x00007f1758999000)
	libaudit.so.1 => /lib64/libaudit.so.1 (0x00007f1758770000)
	libatspi.so.0 => /lib64/libatspi.so.0 (0x00007f175853f000)
	libdbus-1.so.3 => /lib64/libdbus-1.so.3 (0x00007f17582ef000)
	libharfbuzz.so.0 => /lib64/libharfbuzz.so.0 (0x00007f1758052000)
	libexpat.so.1 => /lib64/libexpat.so.1 (0x00007f1757e28000)
	libuuid.so.1 => /lib64/libuuid.so.1 (0x00007f1757c23000)
	libblkid.so.1 => /lib64/libblkid.so.1 (0x00007f17579e3000)
	libGLdispatch.so.0 => /lib64/libGLdispatch.so.0 (0x00007f175772d000)
	libXau.so.6 => /lib64/libXau.so.6 (0x00007f1757529000)
	libGLX.so.0 => /lib64/libGLX.so.0 (0x00007f17572f7000)
	liblz4.so.1 => /lib64/liblz4.so.1 (0x00007f17570e2000)
	libgcrypt.so.11 => /lib64/libgcrypt.so.11 (0x00007f1756e61000)
	libgpg-error.so.0 => /lib64/libgpg-error.so.0 (0x00007f1756c5c000)
	libfa.so.1 => /lib64/libfa.so.1 (0x00007f1756a49000)
	libxml2.so.2 => /lib64/libxml2.so.2 (0x00007f17566df000)
	libnssutil3.so => /lib64/libnssutil3.so (0x00007f17564b0000)
	libplc4.so => /lib64/libplc4.so (0x00007f17562ab000)
	libplds4.so => /lib64/libplds4.so (0x00007f17560a7000)
	libnspr4.so => /lib64/libnspr4.so (0x00007f1755e69000)
	libattr.so.1 => /lib64/libattr.so.1 (0x00007f1755c64000)
	libcap-ng.so.0 => /lib64/libcap-ng.so.0 (0x00007f1755a5e000)
	libgraphite2.so.3 => /lib64/libgraphite2.so.3 (0x00007f1755830000)
/usr/bin/toe:
	linux-vdso.so.1 =>  (0x00007ffc002a1000)
	libtic.so.5 => /lib64/libtic.so.5 (0x00007f96e4a70000)
	libtinfo.so.5 => /lib64/libtinfo.so.5 (0x00007f96e4846000)
	libc.so.6 => /lib64/libc.so.6 (0x00007f96e4479000)
	/lib64/ld-linux-x86-64.so.2 (0x00007f96e4c7f000)
/usr/bin/wait:
	not a dynamic executable
/usr/bin/xmkmf:
	not a dynamic executable
/usr/bin/zsoelim:
	linux-vdso.so.1 =>  (0x00007ffcdfffe000)
	libstdc++.so.6 => /lib64/libstdc++.so.6 (0x00007fb5ec0ad000)
	libm.so.6 => /lib64/libm.so.6 (0x00007fb5ebdab000)
	libgcc_s.so.1 => /lib64/libgcc_s.so.1 (0x00007fb5ebb95000)
	libc.so.6 => /lib64/libc.so.6 (0x00007fb5eb7c8000)
	/lib64/ld-linux-x86-64.so.2 (0x00007fb5ec3b4000)
